[ERROR] 2023-06-02 12:38:01.328 [main] Apple - Hello.. im in Debug method
[INFO ] 2023-06-02 12:38:01.341 [main] Apple - Hello.. im in Error method
[INFO ] 2023-06-02 12:38:01.348 [main] Apple - Hello.. im in Fatal method
[INFO ] 2023-06-02 12:38:01.355 [main] Apple - Hello.. im in Info method
[INFO ] 2023-06-02 12:38:01.368 [main] Apple - Hello.. im in Warn method
[INFO ] 2023-06-02 12:39:17.814 [main] Apple - Hello.. im in Debug method
[INFO ] 2023-06-02 12:39:17.828 [main] Apple - Hello.. im in Error method
[INFO ] 2023-06-02 12:39:17.834 [main] Apple - Hello.. im in Fatal method
[INFO ] 2023-06-02 12:39:17.846 [main] Apple - Hello.. im in Info method
[INFO ] 2023-06-02 12:39:17.861 [main] Apple - Hello.. im in Warn method
[INFO ] 2023-06-02 14:58:08.936 [main] Apple - Hello.. im in Debug method
[INFO ] 2023-06-02 14:58:08.951 [main] Apple - Hello.. im in Error method
[INFO ] 2023-06-02 14:58:08.957 [main] Apple - Hello.. im in Fatal method
[INFO ] 2023-06-02 14:58:08.963 [main] Apple - Hello.. im in Info method
[INFO ] 2023-06-02 14:59:45.216 [main] Apple - Hello.. im in Debug method
[INFO ] 2023-06-02 14:59:45.229 [main] Apple - Hello.. im in Error method
[INFO ] 2023-06-02 14:59:45.235 [main] Apple - Hello.. im in Fatal method
[INFO ] 2023-06-02 14:59:45.241 [main] Apple - Hello.. im in Info method
[DEBUG] 2023-06-02 14:59:46.525 [main] InternalLoggerFactory - Using Log4J2 as the default logging framework
[DEBUG] 2023-06-02 14:59:46.599 [main] ResourceLeakDetector - -Dio.netty.leakDetection.level: simple
[DEBUG] 2023-06-02 14:59:46.600 [main] ResourceLeakDetector - -Dio.netty.leakDetection.targetRecords: 4
[DEBUG] 2023-06-02 14:59:46.622 [main] ResourceLeakDetectorFactory - Loaded default ResourceLeakDetector: io.netty.util.ResourceLeakDetector@422b8438
[DEBUG] 2023-06-02 14:59:46.674 [main] PlatformDependent0 - -Dio.netty.noUnsafe: false
[DEBUG] 2023-06-02 14:59:46.674 [main] PlatformDependent0 - Java version: 17
[DEBUG] 2023-06-02 14:59:46.677 [main] PlatformDependent0 - sun.misc.Unsafe.theUnsafe: available
[DEBUG] 2023-06-02 14:59:46.678 [main] PlatformDependent0 - sun.misc.Unsafe.copyMemory: available
[DEBUG] 2023-06-02 14:59:46.680 [main] PlatformDependent0 - sun.misc.Unsafe.storeFence: available
[DEBUG] 2023-06-02 14:59:46.682 [main] PlatformDependent0 - java.nio.Buffer.address: available
[DEBUG] 2023-06-02 14:59:46.684 [main] PlatformDependent0 - direct buffer constructor: unavailable: Reflective setAccessible(true) disabled
[DEBUG] 2023-06-02 14:59:46.687 [main] PlatformDependent0 - java.nio.Bits.unaligned: available, true
[DEBUG] 2023-06-02 14:59:46.690 [main] PlatformDependent0 - jdk.internal.misc.Unsafe.allocateUninitializedArray(int): unavailable: class io.netty.util.internal.PlatformDependent0$7 cannot access class jdk.internal.misc.Unsafe (in module java.base) because module java.base does not export jdk.internal.misc to unnamed module @19e1023e
[DEBUG] 2023-06-02 14:59:46.693 [main] PlatformDependent0 - java.nio.DirectByteBuffer.<init>(long, int): unavailable
[DEBUG] 2023-06-02 14:59:46.694 [main] PlatformDependent - sun.misc.Unsafe: available
[DEBUG] 2023-06-02 14:59:46.695 [main] PlatformDependent - maxDirectMemory: 2126512128 bytes (maybe)
[DEBUG] 2023-06-02 14:59:46.695 [main] PlatformDependent - -Dio.netty.tmpdir: C:\Users\Cruzer\AppData\Local\Temp (java.io.tmpdir)
[DEBUG] 2023-06-02 14:59:46.695 [main] PlatformDependent - -Dio.netty.bitMode: 64 (sun.arch.data.model)
[DEBUG] 2023-06-02 14:59:46.697 [main] PlatformDependent - Platform: Windows
[DEBUG] 2023-06-02 14:59:46.698 [main] PlatformDependent - -Dio.netty.maxDirectMemory: -1 bytes
[DEBUG] 2023-06-02 14:59:46.700 [main] PlatformDependent - -Dio.netty.uninitializedArrayAllocationThreshold: -1
[DEBUG] 2023-06-02 14:59:46.706 [main] CleanerJava9 - java.nio.ByteBuffer.cleaner(): available
[DEBUG] 2023-06-02 14:59:46.707 [main] PlatformDependent - -Dio.netty.noPreferDirect: false
[DEBUG] 2023-06-02 14:59:46.726 [main] PlatformDependent - org.jctools-core.MpscChunkedArrayQueue: available
[DEBUG] 2023-06-02 14:59:46.778 [main] InternalThreadLocalMap - -Dio.netty.threadLocalMap.stringBuilder.initialSize: 1024
[DEBUG] 2023-06-02 14:59:46.778 [main] InternalThreadLocalMap - -Dio.netty.threadLocalMap.stringBuilder.maxSize: 4096
[DEBUG] 2023-06-02 14:59:46.904 [main] JdkSslContext - Default protocols (JDK): [TLSv1.3, TLSv1.2] 
[DEBUG] 2023-06-02 14:59:46.904 [main] JdkSslContext - Default cipher suites (JDK): [TLS_ECDHE_ECDSA_WITH_AES_256_GCM_SHA384, TLS_ECDHE_ECDSA_WITH_AES_128_GCM_SHA256, TLS_ECDHE_RSA_WITH_AES_128_GCM_SHA256, TLS_ECDHE_RSA_WITH_AES_256_GCM_SHA384, TLS_ECDHE_RSA_WITH_AES_128_CBC_SHA, TLS_ECDHE_RSA_WITH_AES_256_CBC_SHA, TLS_RSA_WITH_AES_128_GCM_SHA256, TLS_RSA_WITH_AES_128_CBC_SHA, TLS_RSA_WITH_AES_256_CBC_SHA, TLS_AES_128_GCM_SHA256, TLS_AES_256_GCM_SHA384]
[DEBUG] 2023-06-02 14:59:46.983 [main] MultithreadEventLoopGroup - -Dio.netty.eventLoopThreads: 16
[DEBUG] 2023-06-02 14:59:47.034 [main] NioEventLoop - -Dio.netty.noKeySetOptimization: false
[DEBUG] 2023-06-02 14:59:47.034 [main] NioEventLoop - -Dio.netty.selectorAutoRebuildThreshold: 512
[DEBUG] 2023-06-02 14:59:47.165 [main] PooledByteBufAllocator - -Dio.netty.allocator.numHeapArenas: 16
[DEBUG] 2023-06-02 14:59:47.166 [main] PooledByteBufAllocator - -Dio.netty.allocator.numDirectArenas: 16
[DEBUG] 2023-06-02 14:59:47.167 [main] PooledByteBufAllocator - -Dio.netty.allocator.pageSize: 8192
[DEBUG] 2023-06-02 14:59:47.167 [main] PooledByteBufAllocator - -Dio.netty.allocator.maxOrder: 9
[DEBUG] 2023-06-02 14:59:47.167 [main] PooledByteBufAllocator - -Dio.netty.allocator.chunkSize: 4194304
[DEBUG] 2023-06-02 14:59:47.167 [main] PooledByteBufAllocator - -Dio.netty.allocator.smallCacheSize: 256
[DEBUG] 2023-06-02 14:59:47.168 [main] PooledByteBufAllocator - -Dio.netty.allocator.normalCacheSize: 64
[DEBUG] 2023-06-02 14:59:47.168 [main] PooledByteBufAllocator - -Dio.netty.allocator.maxCachedBufferCapacity: 32768
[DEBUG] 2023-06-02 14:59:47.169 [main] PooledByteBufAllocator - -Dio.netty.allocator.cacheTrimInterval: 8192
[DEBUG] 2023-06-02 14:59:47.169 [main] PooledByteBufAllocator - -Dio.netty.allocator.cacheTrimIntervalMillis: 0
[DEBUG] 2023-06-02 14:59:47.170 [main] PooledByteBufAllocator - -Dio.netty.allocator.useCacheForAllThreads: false
[DEBUG] 2023-06-02 14:59:47.170 [main] PooledByteBufAllocator - -Dio.netty.allocator.maxCachedByteBuffersPerChunk: 1023
[DEBUG] 2023-06-02 14:59:47.205 [main] ByteBufUtil - -Dio.netty.allocator.type: pooled
[DEBUG] 2023-06-02 14:59:47.206 [main] ByteBufUtil - -Dio.netty.threadLocalDirectBufferSize: 0
[DEBUG] 2023-06-02 14:59:47.206 [main] ByteBufUtil - -Dio.netty.maxThreadLocalCharBufferSize: 16384
[DEBUG] 2023-06-02 14:59:50.121 [Forwarding newSession on session null to remote] DefaultChannelId - -Dio.netty.processId: 6668 (auto-detected)
[DEBUG] 2023-06-02 14:59:50.127 [Forwarding newSession on session null to remote] NetUtil - -Djava.net.preferIPv4Stack: false
[DEBUG] 2023-06-02 14:59:50.127 [Forwarding newSession on session null to remote] NetUtil - -Djava.net.preferIPv6Addresses: false
[DEBUG] 2023-06-02 14:59:50.145 [Forwarding newSession on session null to remote] NetUtilInitializations - Loopback interface: lo (Software Loopback Interface 1, 127.0.0.1)
[DEBUG] 2023-06-02 14:59:50.148 [Forwarding newSession on session null to remote] NetUtil - Failed to get SOMAXCONN from sysctl and file \proc\sys\net\core\somaxconn. Default: 200
[DEBUG] 2023-06-02 14:59:50.182 [Forwarding newSession on session null to remote] DefaultChannelId - -Dio.netty.machineId: 1c:4d:70:ff:fe:d0:26:e0 (auto-detected)
[DEBUG] 2023-06-02 14:59:50.292 [AsyncHttpClient-1-2] AbstractByteBuf - -Dio.netty.buffer.checkAccessible: true
[DEBUG] 2023-06-02 14:59:50.293 [AsyncHttpClient-1-2] AbstractByteBuf - -Dio.netty.buffer.checkBounds: true
[DEBUG] 2023-06-02 14:59:50.294 [AsyncHttpClient-1-2] ResourceLeakDetectorFactory - Loaded default ResourceLeakDetector: io.netty.util.ResourceLeakDetector@6307474d
[DEBUG] 2023-06-02 14:59:50.339 [AsyncHttpClient-1-2] Recycler - -Dio.netty.recycler.maxCapacityPerThread: 4096
[DEBUG] 2023-06-02 14:59:50.340 [AsyncHttpClient-1-2] Recycler - -Dio.netty.recycler.ratio: 8
[DEBUG] 2023-06-02 14:59:50.341 [AsyncHttpClient-1-2] Recycler - -Dio.netty.recycler.chunkSize: 32
[DEBUG] 2023-06-02 14:59:50.341 [AsyncHttpClient-1-2] Recycler - -Dio.netty.recycler.blocking: false
[DEBUG] 2023-06-02 14:59:53.344 [AsyncHttpClient-1-2] Brotli - brotli4j not in the classpath; Brotli support will be unavailable.
[DEBUG] 2023-06-02 14:59:53.601 [main] ThreadLocalRandom - -Dio.netty.initialSeedUniquifier: 0xf0fda89db3ebce69
[INFO ] 2023-06-02 15:01:57.306 [main] Apple - Hello.. im in Debug method
[INFO ] 2023-06-02 15:01:57.324 [main] Apple - Hello.. im in Error method
[INFO ] 2023-06-02 15:01:57.334 [main] Apple - Hello.. im in Fatal method
[INFO ] 2023-06-02 15:01:57.342 [main] Apple - Hello.. im in Info method
[DEBUG] 2023-06-02 15:01:58.353 [main] InternalLoggerFactory - Using Log4J2 as the default logging framework
[DEBUG] 2023-06-02 15:01:58.385 [main] ResourceLeakDetector - -Dio.netty.leakDetection.level: simple
[DEBUG] 2023-06-02 15:01:58.385 [main] ResourceLeakDetector - -Dio.netty.leakDetection.targetRecords: 4
[DEBUG] 2023-06-02 15:01:58.396 [main] ResourceLeakDetectorFactory - Loaded default ResourceLeakDetector: io.netty.util.ResourceLeakDetector@30669dac
[DEBUG] 2023-06-02 15:01:58.436 [main] PlatformDependent0 - -Dio.netty.noUnsafe: false
[DEBUG] 2023-06-02 15:01:58.437 [main] PlatformDependent0 - Java version: 17
[DEBUG] 2023-06-02 15:01:58.440 [main] PlatformDependent0 - sun.misc.Unsafe.theUnsafe: available
[DEBUG] 2023-06-02 15:01:58.442 [main] PlatformDependent0 - sun.misc.Unsafe.copyMemory: available
[DEBUG] 2023-06-02 15:01:58.443 [main] PlatformDependent0 - sun.misc.Unsafe.storeFence: available
[DEBUG] 2023-06-02 15:01:58.445 [main] PlatformDependent0 - java.nio.Buffer.address: available
[DEBUG] 2023-06-02 15:01:58.448 [main] PlatformDependent0 - direct buffer constructor: unavailable: Reflective setAccessible(true) disabled
[DEBUG] 2023-06-02 15:01:58.449 [main] PlatformDependent0 - java.nio.Bits.unaligned: available, true
[DEBUG] 2023-06-02 15:01:58.452 [main] PlatformDependent0 - jdk.internal.misc.Unsafe.allocateUninitializedArray(int): unavailable: class io.netty.util.internal.PlatformDependent0$7 cannot access class jdk.internal.misc.Unsafe (in module java.base) because module java.base does not export jdk.internal.misc to unnamed module @19e1023e
[DEBUG] 2023-06-02 15:01:58.455 [main] PlatformDependent0 - java.nio.DirectByteBuffer.<init>(long, int): unavailable
[DEBUG] 2023-06-02 15:01:58.456 [main] PlatformDependent - sun.misc.Unsafe: available
[DEBUG] 2023-06-02 15:01:58.457 [main] PlatformDependent - maxDirectMemory: 2126512128 bytes (maybe)
[DEBUG] 2023-06-02 15:01:58.458 [main] PlatformDependent - -Dio.netty.tmpdir: C:\Users\Cruzer\AppData\Local\Temp (java.io.tmpdir)
[DEBUG] 2023-06-02 15:01:58.458 [main] PlatformDependent - -Dio.netty.bitMode: 64 (sun.arch.data.model)
[DEBUG] 2023-06-02 15:01:58.460 [main] PlatformDependent - Platform: Windows
[DEBUG] 2023-06-02 15:01:58.462 [main] PlatformDependent - -Dio.netty.maxDirectMemory: -1 bytes
[DEBUG] 2023-06-02 15:01:58.463 [main] PlatformDependent - -Dio.netty.uninitializedArrayAllocationThreshold: -1
[DEBUG] 2023-06-02 15:01:58.467 [main] CleanerJava9 - java.nio.ByteBuffer.cleaner(): available
[DEBUG] 2023-06-02 15:01:58.467 [main] PlatformDependent - -Dio.netty.noPreferDirect: false
[DEBUG] 2023-06-02 15:01:58.489 [main] PlatformDependent - org.jctools-core.MpscChunkedArrayQueue: available
[DEBUG] 2023-06-02 15:01:58.536 [main] InternalThreadLocalMap - -Dio.netty.threadLocalMap.stringBuilder.initialSize: 1024
[DEBUG] 2023-06-02 15:01:58.536 [main] InternalThreadLocalMap - -Dio.netty.threadLocalMap.stringBuilder.maxSize: 4096
[DEBUG] 2023-06-02 15:01:58.650 [main] JdkSslContext - Default protocols (JDK): [TLSv1.3, TLSv1.2] 
[DEBUG] 2023-06-02 15:01:58.651 [main] JdkSslContext - Default cipher suites (JDK): [TLS_ECDHE_ECDSA_WITH_AES_256_GCM_SHA384, TLS_ECDHE_ECDSA_WITH_AES_128_GCM_SHA256, TLS_ECDHE_RSA_WITH_AES_128_GCM_SHA256, TLS_ECDHE_RSA_WITH_AES_256_GCM_SHA384, TLS_ECDHE_RSA_WITH_AES_128_CBC_SHA, TLS_ECDHE_RSA_WITH_AES_256_CBC_SHA, TLS_RSA_WITH_AES_128_GCM_SHA256, TLS_RSA_WITH_AES_128_CBC_SHA, TLS_RSA_WITH_AES_256_CBC_SHA, TLS_AES_128_GCM_SHA256, TLS_AES_256_GCM_SHA384]
[DEBUG] 2023-06-02 15:01:58.709 [main] MultithreadEventLoopGroup - -Dio.netty.eventLoopThreads: 16
[DEBUG] 2023-06-02 15:01:58.731 [main] NioEventLoop - -Dio.netty.noKeySetOptimization: false
[DEBUG] 2023-06-02 15:01:58.731 [main] NioEventLoop - -Dio.netty.selectorAutoRebuildThreshold: 512
[DEBUG] 2023-06-02 15:01:58.855 [main] PooledByteBufAllocator - -Dio.netty.allocator.numHeapArenas: 16
[DEBUG] 2023-06-02 15:01:58.855 [main] PooledByteBufAllocator - -Dio.netty.allocator.numDirectArenas: 16
[DEBUG] 2023-06-02 15:01:58.855 [main] PooledByteBufAllocator - -Dio.netty.allocator.pageSize: 8192
[DEBUG] 2023-06-02 15:01:58.856 [main] PooledByteBufAllocator - -Dio.netty.allocator.maxOrder: 9
[DEBUG] 2023-06-02 15:01:58.856 [main] PooledByteBufAllocator - -Dio.netty.allocator.chunkSize: 4194304
[DEBUG] 2023-06-02 15:01:58.856 [main] PooledByteBufAllocator - -Dio.netty.allocator.smallCacheSize: 256
[DEBUG] 2023-06-02 15:01:58.856 [main] PooledByteBufAllocator - -Dio.netty.allocator.normalCacheSize: 64
[DEBUG] 2023-06-02 15:01:58.857 [main] PooledByteBufAllocator - -Dio.netty.allocator.maxCachedBufferCapacity: 32768
[DEBUG] 2023-06-02 15:01:58.857 [main] PooledByteBufAllocator - -Dio.netty.allocator.cacheTrimInterval: 8192
[DEBUG] 2023-06-02 15:01:58.857 [main] PooledByteBufAllocator - -Dio.netty.allocator.cacheTrimIntervalMillis: 0
[DEBUG] 2023-06-02 15:01:58.858 [main] PooledByteBufAllocator - -Dio.netty.allocator.useCacheForAllThreads: false
[DEBUG] 2023-06-02 15:01:58.858 [main] PooledByteBufAllocator - -Dio.netty.allocator.maxCachedByteBuffersPerChunk: 1023
[DEBUG] 2023-06-02 15:01:58.880 [main] ByteBufUtil - -Dio.netty.allocator.type: pooled
[DEBUG] 2023-06-02 15:01:58.880 [main] ByteBufUtil - -Dio.netty.threadLocalDirectBufferSize: 0
[DEBUG] 2023-06-02 15:01:58.881 [main] ByteBufUtil - -Dio.netty.maxThreadLocalCharBufferSize: 16384
[DEBUG] 2023-06-02 15:01:59.563 [Forwarding newSession on session null to remote] DefaultChannelId - -Dio.netty.processId: 16156 (auto-detected)
[DEBUG] 2023-06-02 15:01:59.567 [Forwarding newSession on session null to remote] NetUtil - -Djava.net.preferIPv4Stack: false
[DEBUG] 2023-06-02 15:01:59.567 [Forwarding newSession on session null to remote] NetUtil - -Djava.net.preferIPv6Addresses: false
[DEBUG] 2023-06-02 15:01:59.585 [Forwarding newSession on session null to remote] NetUtilInitializations - Loopback interface: lo (Software Loopback Interface 1, 127.0.0.1)
[DEBUG] 2023-06-02 15:01:59.587 [Forwarding newSession on session null to remote] NetUtil - Failed to get SOMAXCONN from sysctl and file \proc\sys\net\core\somaxconn. Default: 200
[DEBUG] 2023-06-02 15:01:59.620 [Forwarding newSession on session null to remote] DefaultChannelId - -Dio.netty.machineId: 1c:4d:70:ff:fe:d0:26:e0 (auto-detected)
[DEBUG] 2023-06-02 15:01:59.716 [AsyncHttpClient-1-2] AbstractByteBuf - -Dio.netty.buffer.checkAccessible: true
[DEBUG] 2023-06-02 15:01:59.716 [AsyncHttpClient-1-2] AbstractByteBuf - -Dio.netty.buffer.checkBounds: true
[DEBUG] 2023-06-02 15:01:59.717 [AsyncHttpClient-1-2] ResourceLeakDetectorFactory - Loaded default ResourceLeakDetector: io.netty.util.ResourceLeakDetector@7fb06a54
[DEBUG] 2023-06-02 15:01:59.757 [AsyncHttpClient-1-2] Recycler - -Dio.netty.recycler.maxCapacityPerThread: 4096
[DEBUG] 2023-06-02 15:01:59.757 [AsyncHttpClient-1-2] Recycler - -Dio.netty.recycler.ratio: 8
[DEBUG] 2023-06-02 15:01:59.758 [AsyncHttpClient-1-2] Recycler - -Dio.netty.recycler.chunkSize: 32
[DEBUG] 2023-06-02 15:01:59.758 [AsyncHttpClient-1-2] Recycler - -Dio.netty.recycler.blocking: false
[DEBUG] 2023-06-02 15:02:02.194 [AsyncHttpClient-1-2] Brotli - brotli4j not in the classpath; Brotli support will be unavailable.
[DEBUG] 2023-06-02 15:02:02.651 [main] ThreadLocalRandom - -Dio.netty.initialSeedUniquifier: 0x9d666834c7b7f834
[INFO ] 2023-06-02 15:02:56.879 [main] Apple - Hello.. im in Debug method
[INFO ] 2023-06-02 15:02:56.899 [main] Apple - Hello.. im in Error method
[INFO ] 2023-06-02 15:02:56.912 [main] Apple - Hello.. im in Fatal method
[INFO ] 2023-06-02 15:02:56.921 [main] Apple - Hello.. im in Info method
[INFO ] 2023-06-02 15:03:43.402 [main] Apple - Hello.. im in Debug method
[INFO ] 2023-06-02 15:03:43.419 [main] Apple - Hello.. im in Error method
[INFO ] 2023-06-02 15:03:43.427 [main] Apple - Hello.. im in Fatal method
[INFO ] 2023-06-02 15:03:43.433 [main] Apple - Hello.. im in Info method
[INFO ] 2023-06-02 15:03:48.810 [main] Apple - Hello.. im in Warn method
[INFO ] 2023-06-02 15:04:09.721 [main] Apple - Hello.. im in Debug method
[INFO ] 2023-06-02 15:04:09.736 [main] Apple - Hello.. im in Error method
[INFO ] 2023-06-02 15:04:09.744 [main] Apple - Hello.. im in Fatal method
[INFO ] 2023-06-02 15:04:09.749 [main] Apple - Hello.. im in Info method
[INFO ] 2023-06-02 15:04:14.696 [main] Apple - Hello.. im in Warn method
[INFO ] 2023-06-02 15:05:20.574 [main] Apple - Hello.. im in Debug method
[INFO ] 2023-06-02 15:05:20.589 [main] Apple - Hello.. im in Error method
[INFO ] 2023-06-02 15:05:20.598 [main] Apple - Hello.. im in Fatal method
[INFO ] 2023-06-02 15:05:20.605 [main] Apple - Hello.. im in Info method
[INFO ] 2023-06-02 15:05:20.610 [main] Apple - Hello.. im in Warn method
[INFO ] 2023-06-02 15:05:54.862 [main] Apple - Method one
[WARN ] 2023-06-02 15:05:54.869 [main] Apple - Method one
[ERROR] 2023-06-02 15:05:54.870 [main] Apple - Method one
[FATAL] 2023-06-02 15:05:54.870 [main] Apple - Method one
[INFO ] 2023-06-02 15:05:54.883 [main] Apple - Hello.. im in Debug method
[INFO ] 2023-06-02 15:05:54.890 [main] Apple - Hello.. im in Error method
[INFO ] 2023-06-02 15:05:54.897 [main] Apple - Hello.. im in Fatal method
[INFO ] 2023-06-02 15:05:54.903 [main] Apple - Hello.. im in Info method
[INFO ] 2023-06-02 15:05:54.910 [main] Apple - Hello.. im in Warn method
